<?xml version="1.0" encoding="UTF-8"?>
<!-- Generated by org.testng.reporters.JUnitReportReporter -->
<testsuite hostname="DESKTOP-G5HAG0G" failures="0" tests="4" name="org.testng.AmazonTestNg" time="46.598" errors="0" timestamp="2022-11-10T15:55:28 IST" skipped="0">
  <testcase classname="org.testng.AmazonTestNg" name="toyssearch" time="11.375"/>
  <system-out/>
  <testcase classname="org.testng.AmazonTestNg" name="iphonesearch" time="11.362"/>
  <system-out/>
  <testcase classname="org.testng.AmazonTestNg" name="bagsearch" time="12.333"/>
  <system-out/>
  <testcase classname="org.testng.AmazonTestNg" name="watchsearch" time="11.528"/>
  <system-out/>
</testsuite> <!-- org.testng.AmazonTestNg -->
